# JRE version: Java(TM) SE Runtime Environment (8.0_261-b12) (build 1.8.0_261-b12)
# Java VM: Java HotSpot(TM) 64-Bit Server VM (25.261-b12 mixed mode windows-amd64 compressed oops)
Heap:
 garbage-first heap   total 6160384K, used 293007K [0x00000005cd000000, 0x00000005ce000bc0, 0x00000007c0000000)
  region size 16384K, 1 young (16384K), 1 survivors (16384K)
 Metaspace       used 46937K, capacity 50311K, committed 50560K, reserved 1091584K
  class space    used 6641K, capacity 7544K, committed 7552K, reserved 1048576K
GC Heap History (10 events):
Event: 20.408 GC heap after
Heap after GC invocations=28 (full 0):
 garbage-first heap   total 1966080K, used 288645K [0x00000005cd000000, 0x00000005ce0003c0, 0x00000007c0000000)
  region size 16384K, 1 young (16384K), 1 survivors (16384K)
 Metaspace       used 46395K, capacity 49695K, committed 50048K, reserved 1091584K
  class space    used 6555K, capacity 7446K, committed 7552K, reserved 1048576K
}
Event: 20.810 GC heap before
{Heap before GC invocations=28 (full 0):
 garbage-first heap   total 1966080K, used 403333K [0x00000005cd000000, 0x00000005ce0003c0, 0x00000007c0000000)
  region size 16384K, 8 young (131072K), 1 survivors (16384K)
 Metaspace       used 46397K, capacity 49759K, committed 50048K, reserved 1091584K
  class space    used 6555K, capacity 7446K, committed 7552K, reserved 1048576K
Event: 20.880 GC heap after
Heap after GC invocations=29 (full 0):
 garbage-first heap   total 3211264K, used 291765K [0x00000005cd000000, 0x00000005ce000620, 0x00000007c0000000)
  region size 16384K, 1 young (16384K), 1 survivors (16384K)
 Metaspace       used 46397K, capacity 49759K, committed 50048K, reserved 1091584K
  class space    used 6555K, capacity 7446K, committed 7552K, reserved 1048576K
}
Event: 21.342 GC heap before
{Heap before GC invocations=29 (full 0):
 garbage-first heap   total 3211264K, used 406453K [0x00000005cd000000, 0x00000005ce000620, 0x00000007c0000000)
  region size 16384K, 8 young (131072K), 1 survivors (16384K)
 Metaspace       used 46623K, capacity 49983K, committed 50304K, reserved 1091584K
  class space    used 6587K, capacity 7478K, committed 7552K, reserved 1048576K
Event: 21.380 GC heap after
Heap after GC invocations=30 (full 0):
 garbage-first heap   total 4210688K, used 288211K [0x00000005cd000000, 0x00000005ce000808, 0x00000007c0000000)
  region size 16384K, 1 young (16384K), 1 survivors (16384K)
 Metaspace       used 46623K, capacity 49983K, committed 50304K, reserved 1091584K
  class space    used 6587K, capacity 7478K, committed 7552K, reserved 1048576K
}
Event: 21.627 GC heap before
{Heap before GC invocations=30 (full 0):
 garbage-first heap   total 4210688K, used 402899K [0x00000005cd000000, 0x00000005ce000808, 0x00000007c0000000)
  region size 16384K, 8 young (131072K), 1 survivors (16384K)
 Metaspace       used 46802K, capacity 50175K, committed 50304K, reserved 1091584K
  class space    used 6631K, capacity 7542K, committed 7552K, reserved 1048576K
Event: 21.658 GC heap after
Heap after GC invocations=31 (full 0):
 garbage-first heap   total 5013504K, used 292218K [0x00000005cd000000, 0x00000005ce000990, 0x00000007c0000000)
  region size 16384K, 1 young (16384K), 1 survivors (16384K)
 Metaspace       used 46802K, capacity 50175K, committed 50304K, reserved 1091584K
  class space    used 6631K, capacity 7542K, committed 7552K, reserved 1048576K
}
Event: 21.794 GC heap before
{Heap before GC invocations=31 (full 0):
 garbage-first heap   total 5013504K, used 406906K [0x00000005cd000000, 0x00000005ce000990, 0x00000007c0000000)
  region size 16384K, 8 young (131072K), 1 survivors (16384K)
 Metaspace       used 46937K, capacity 50311K, committed 50560K, reserved 1091584K
  class space    used 6641K, capacity 7544K, committed 7552K, reserved 1048576K
Event: 21.847 GC heap after
Heap after GC invocations=32 (full 0):
 garbage-first heap   total 5652480K, used 289629K [0x00000005cd000000, 0x00000005ce000ac8, 0x00000007c0000000)
  region size 16384K, 1 young (16384K), 1 survivors (16384K)
 Metaspace       used 46937K, capacity 50311K, committed 50560K, reserved 1091584K
  class space    used 6641K, capacity 7544K, committed 7552K, reserved 1048576K
}
Event: 22.009 GC heap before
{Heap before GC invocations=32 (full 0):
 garbage-first heap   total 5652480K, used 404317K [0x00000005cd000000, 0x00000005ce000ac8, 0x00000007c0000000)
  region size 16384K, 8 young (131072K), 1 survivors (16384K)
 Metaspace       used 46937K, capacity 50311K, committed 50560K, reserved 1091584K
  class space    used 6641K, capacity 7544K, committed 7552K, reserved 1048576K

