# JRE version: Java(TM) SE Runtime Environment (8.0_261-b12) (build 1.8.0_261-b12)
# Java VM: Java HotSpot(TM) 64-Bit Server VM (25.261-b12 mixed mode windows-amd64 compressed oops)
Heap:
 garbage-first heap   total 8060928K, used 366578K [0x00000005cd000000, 0x00000005ce000f60, 0x00000007c0000000)
  region size 16384K, 5 young (81920K), 1 survivors (16384K)
 Metaspace       used 61882K, capacity 67218K, committed 67328K, reserved 1105920K
  class space    used 8659K, capacity 10135K, committed 10240K, reserved 1048576K
GC Heap History (10 events):
Event: 68.021 GC heap before
{Heap before GC invocations=189 (full 0):
 garbage-first heap   total 8060928K, used 431342K [0x00000005cd000000, 0x00000005ce000f60, 0x00000007c0000000)
  region size 16384K, 8 young (131072K), 1 survivors (16384K)
 Metaspace       used 60466K, capacity 65662K, committed 65920K, reserved 1105920K
  class space    used 8411K, capacity 9829K, committed 9856K, reserved 1048576K
Event: 68.026 GC heap after
Heap after GC invocations=190 (full 0):
 garbage-first heap   total 8060928K, used 316721K [0x00000005cd000000, 0x00000005ce000f60, 0x00000007c0000000)
  region size 16384K, 1 young (16384K), 1 survivors (16384K)
 Metaspace       used 60466K, capacity 65662K, committed 65920K, reserved 1105920K
  class space    used 8411K, capacity 9829K, committed 9856K, reserved 1048576K
}
Event: 68.144 GC heap before
{Heap before GC invocations=190 (full 0):
 garbage-first heap   total 8060928K, used 431409K [0x00000005cd000000, 0x00000005ce000f60, 0x00000007c0000000)
  region size 16384K, 8 young (131072K), 1 survivors (16384K)
 Metaspace       used 60676K, capacity 65946K, committed 66304K, reserved 1105920K
  class space    used 8443K, capacity 9883K, committed 9984K, reserved 1048576K
Event: 68.150 GC heap after
Heap after GC invocations=191 (full 0):
 garbage-first heap   total 8060928K, used 317077K [0x00000005cd000000, 0x00000005ce000f60, 0x00000007c0000000)
  region size 16384K, 1 young (16384K), 1 survivors (16384K)
 Metaspace       used 60676K, capacity 65946K, committed 66304K, reserved 1105920K
  class space    used 8443K, capacity 9883K, committed 9984K, reserved 1048576K
}
Event: 68.320 GC heap before
{Heap before GC invocations=191 (full 0):
 garbage-first heap   total 8060928K, used 431765K [0x00000005cd000000, 0x00000005ce000f60, 0x00000007c0000000)
  region size 16384K, 8 young (131072K), 1 survivors (16384K)
 Metaspace       used 60964K, capacity 66248K, committed 66304K, reserved 1105920K
  class space    used 8486K, capacity 9940K, committed 9984K, reserved 1048576K
Event: 68.325 GC heap after
Heap after GC invocations=192 (full 0):
 garbage-first heap   total 8060928K, used 317834K [0x00000005cd000000, 0x00000005ce000f60, 0x00000007c0000000)
  region size 16384K, 1 young (16384K), 1 survivors (16384K)
 Metaspace       used 60964K, capacity 66248K, committed 66304K, reserved 1105920K
  class space    used 8486K, capacity 9940K, committed 9984K, reserved 1048576K
}
Event: 68.419 GC heap before
{Heap before GC invocations=192 (full 0):
 garbage-first heap   total 8060928K, used 432522K [0x00000005cd000000, 0x00000005ce000f60, 0x00000007c0000000)
  region size 16384K, 8 young (131072K), 1 survivors (16384K)
 Metaspace       used 61160K, capacity 66432K, committed 66560K, reserved 1105920K
  class space    used 8530K, capacity 9982K, committed 9984K, reserved 1048576K
Event: 68.424 GC heap after
Heap after GC invocations=193 (full 0):
 garbage-first heap   total 8060928K, used 316813K [0x00000005cd000000, 0x00000005ce000f60, 0x00000007c0000000)
  region size 16384K, 1 young (16384K), 1 survivors (16384K)
 Metaspace       used 61160K, capacity 66432K, committed 66560K, reserved 1105920K
  class space    used 8530K, capacity 9982K, committed 9984K, reserved 1048576K
}
Event: 68.542 GC heap before
{Heap before GC invocations=193 (full 0):
 garbage-first heap   total 8060928K, used 431501K [0x00000005cd000000, 0x00000005ce000f60, 0x00000007c0000000)
  region size 16384K, 8 young (131072K), 1 survivors (16384K)
 Metaspace       used 61419K, capacity 66688K, committed 66944K, reserved 1105920K
  class space    used 8592K, capacity 10046K, committed 10112K, reserved 1048576K
Event: 68.560 GC heap after
Heap after GC invocations=194 (full 0):
 garbage-first heap   total 8060928K, used 317426K [0x00000005cd000000, 0x00000005ce000f60, 0x00000007c0000000)
  region size 16384K, 1 young (16384K), 1 survivors (16384K)
 Metaspace       used 61419K, capacity 66688K, committed 66944K, reserved 1105920K
  class space    used 8592K, capacity 10046K, committed 10112K, reserved 1048576K
}

