# JRE version: Java(TM) SE Runtime Environment (8.0_261-b12) (build 1.8.0_261-b12)
# Java VM: Java HotSpot(TM) 64-Bit Server VM (25.261-b12 mixed mode windows-amd64 compressed oops)
Heap:
 garbage-first heap   total 7290880K, used 592431K [0x00000005cd000000, 0x00000005ce000de8, 0x00000007c0000000)
  region size 16384K, 4 young (65536K), 1 survivors (16384K)
 Metaspace       used 100910K, capacity 114685K, committed 114808K, reserved 1148928K
  class space    used 13312K, capacity 16134K, committed 16248K, reserved 1048576K
GC Heap History (10 events):
Event: 2704.510 GC heap before
{Heap before GC invocations=1726 (full 3):
 garbage-first heap   total 7290880K, used 673350K [0x00000005cd000000, 0x00000005ce000de8, 0x00000007c0000000)
  region size 16384K, 8 young (131072K), 1 survivors (16384K)
 Metaspace       used 100876K, capacity 114649K, committed 114680K, reserved 1148928K
  class space    used 13303K, capacity 16120K, committed 16120K, reserved 1048576K
Event: 2704.518 GC heap after
Heap after GC invocations=1727 (full 3):
 garbage-first heap   total 7290880K, used 558884K [0x00000005cd000000, 0x00000005ce000de8, 0x00000007c0000000)
  region size 16384K, 1 young (16384K), 1 survivors (16384K)
 Metaspace       used 100876K, capacity 114649K, committed 114680K, reserved 1148928K
  class space    used 13303K, capacity 16120K, committed 16120K, reserved 1048576K
}
Event: 2707.519 GC heap before
{Heap before GC invocations=1727 (full 3):
 garbage-first heap   total 7290880K, used 673572K [0x00000005cd000000, 0x00000005ce000de8, 0x00000007c0000000)
  region size 16384K, 8 young (131072K), 1 survivors (16384K)
 Metaspace       used 100876K, capacity 114649K, committed 114680K, reserved 1148928K
  class space    used 13303K, capacity 16120K, committed 16120K, reserved 1048576K
Event: 2707.526 GC heap after
Heap after GC invocations=1728 (full 3):
 garbage-first heap   total 7290880K, used 559581K [0x00000005cd000000, 0x00000005ce000de8, 0x00000007c0000000)
  region size 16384K, 1 young (16384K), 1 survivors (16384K)
 Metaspace       used 100876K, capacity 114649K, committed 114680K, reserved 1148928K
  class space    used 13303K, capacity 16120K, committed 16120K, reserved 1048576K
}
Event: 2710.600 GC heap before
{Heap before GC invocations=1728 (full 3):
 garbage-first heap   total 7290880K, used 674269K [0x00000005cd000000, 0x00000005ce000de8, 0x00000007c0000000)
  region size 16384K, 8 young (131072K), 1 survivors (16384K)
 Metaspace       used 100877K, capacity 114649K, committed 114680K, reserved 1148928K
  class space    used 13303K, capacity 16120K, committed 16120K, reserved 1048576K
Event: 2710.609 GC heap after
Heap after GC invocations=1729 (full 3):
 garbage-first heap   total 7290880K, used 560218K [0x00000005cd000000, 0x00000005ce000de8, 0x00000007c0000000)
  region size 16384K, 1 young (16384K), 1 survivors (16384K)
 Metaspace       used 100877K, capacity 114649K, committed 114680K, reserved 1148928K
  class space    used 13303K, capacity 16120K, committed 16120K, reserved 1048576K
}
Event: 2713.698 GC heap before
{Heap before GC invocations=1729 (full 3):
 garbage-first heap   total 7290880K, used 674906K [0x00000005cd000000, 0x00000005ce000de8, 0x00000007c0000000)
  region size 16384K, 8 young (131072K), 1 survivors (16384K)
 Metaspace       used 100877K, capacity 114649K, committed 114680K, reserved 1148928K
  class space    used 13303K, capacity 16120K, committed 16120K, reserved 1048576K
Event: 2713.706 GC heap after
Heap after GC invocations=1730 (full 3):
 garbage-first heap   total 7290880K, used 558767K [0x00000005cd000000, 0x00000005ce000de8, 0x00000007c0000000)
  region size 16384K, 1 young (16384K), 1 survivors (16384K)
 Metaspace       used 100877K, capacity 114649K, committed 114680K, reserved 1148928K
  class space    used 13303K, capacity 16120K, committed 16120K, reserved 1048576K
}
Event: 2716.859 GC heap before
{Heap before GC invocations=1730 (full 3):
 garbage-first heap   total 7290880K, used 673455K [0x00000005cd000000, 0x00000005ce000de8, 0x00000007c0000000)
  region size 16384K, 9 young (147456K), 1 survivors (16384K)
 Metaspace       used 100877K, capacity 114649K, committed 114680K, reserved 1148928K
  class space    used 13303K, capacity 16120K, committed 16120K, reserved 1048576K
Event: 2716.875 GC heap after
Heap after GC invocations=1731 (full 3):
 garbage-first heap   total 7290880K, used 559663K [0x00000005cd000000, 0x00000005ce000de8, 0x00000007c0000000)
  region size 16384K, 1 young (16384K), 1 survivors (16384K)
 Metaspace       used 100877K, capacity 114649K, committed 114680K, reserved 1148928K
  class space    used 13303K, capacity 16120K, committed 16120K, reserved 1048576K
}

