# JRE version: Java(TM) SE Runtime Environment (8.0_261-b12) (build 1.8.0_261-b12)
# Java VM: Java HotSpot(TM) 64-Bit Server VM (25.261-b12 mixed mode windows-amd64 compressed oops)
Heap:
 garbage-first heap   total 8175616K, used 1786862K [0x00000005cd000000, 0x00000005ce000f98, 0x00000007c0000000)
  region size 16384K, 2 young (32768K), 1 survivors (16384K)
 Metaspace       used 101007K, capacity 113540K, committed 113680K, reserved 1146880K
  class space    used 13372K, capacity 16055K, committed 16144K, reserved 1048576K
GC Heap History (10 events):
Event: 1040.893 GC heap before
{Heap before GC invocations=897 (full 0):
 garbage-first heap   total 8175616K, used 1891455K [0x00000005cd000000, 0x00000005ce000f98, 0x00000007c0000000)
  region size 16384K, 9 young (147456K), 1 survivors (16384K)
 Metaspace       used 100889K, capacity 113430K, committed 113680K, reserved 1146880K
  class space    used 13354K, capacity 16020K, committed 16144K, reserved 1048576K
Event: 1040.909 GC heap after
Heap after GC invocations=898 (full 0):
 garbage-first heap   total 8175616K, used 1780905K [0x00000005cd000000, 0x00000005ce000f98, 0x00000007c0000000)
  region size 16384K, 1 young (16384K), 1 survivors (16384K)
 Metaspace       used 100889K, capacity 113430K, committed 113680K, reserved 1146880K
  class space    used 13354K, capacity 16020K, committed 16144K, reserved 1048576K
}
Event: 1041.913 GC heap before
{Heap before GC invocations=898 (full 0):
 garbage-first heap   total 8175616K, used 1895593K [0x00000005cd000000, 0x00000005ce000f98, 0x00000007c0000000)
  region size 16384K, 9 young (147456K), 1 survivors (16384K)
 Metaspace       used 100889K, capacity 113430K, committed 113680K, reserved 1146880K
  class space    used 13354K, capacity 16020K, committed 16144K, reserved 1048576K
Event: 1041.938 GC heap after
Heap after GC invocations=899 (full 0):
 garbage-first heap   total 8175616K, used 1782573K [0x00000005cd000000, 0x00000005ce000f98, 0x00000007c0000000)
  region size 16384K, 1 young (16384K), 1 survivors (16384K)
 Metaspace       used 100889K, capacity 113430K, committed 113680K, reserved 1146880K
  class space    used 13354K, capacity 16020K, committed 16144K, reserved 1048576K
}
Event: 1043.773 GC heap before
{Heap before GC invocations=899 (full 0):
 garbage-first heap   total 8175616K, used 1897261K [0x00000005cd000000, 0x00000005ce000f98, 0x00000007c0000000)
  region size 16384K, 9 young (147456K), 1 survivors (16384K)
 Metaspace       used 100907K, capacity 113430K, committed 113680K, reserved 1146880K
  class space    used 13355K, capacity 16020K, committed 16144K, reserved 1048576K
Event: 1043.795 GC heap after
Heap after GC invocations=900 (full 0):
 garbage-first heap   total 8175616K, used 1781993K [0x00000005cd000000, 0x00000005ce000f98, 0x00000007c0000000)
  region size 16384K, 1 young (16384K), 1 survivors (16384K)
 Metaspace       used 100907K, capacity 113430K, committed 113680K, reserved 1146880K
  class space    used 13355K, capacity 16020K, committed 16144K, reserved 1048576K
}
Event: 1045.122 GC heap before
{Heap before GC invocations=900 (full 0):
 garbage-first heap   total 8175616K, used 1896681K [0x00000005cd000000, 0x00000005ce000f98, 0x00000007c0000000)
  region size 16384K, 8 young (131072K), 1 survivors (16384K)
 Metaspace       used 100907K, capacity 113430K, committed 113680K, reserved 1146880K
  class space    used 13355K, capacity 16020K, committed 16144K, reserved 1048576K
Event: 1045.136 GC heap after
Heap after GC invocations=901 (full 0):
 garbage-first heap   total 8175616K, used 1785445K [0x00000005cd000000, 0x00000005ce000f98, 0x00000007c0000000)
  region size 16384K, 1 young (16384K), 1 survivors (16384K)
 Metaspace       used 100907K, capacity 113430K, committed 113680K, reserved 1146880K
  class space    used 13355K, capacity 16020K, committed 16144K, reserved 1048576K
}
Event: 1047.373 GC heap before
{Heap before GC invocations=901 (full 0):
 garbage-first heap   total 8175616K, used 1900133K [0x00000005cd000000, 0x00000005ce000f98, 0x00000007c0000000)
  region size 16384K, 8 young (131072K), 1 survivors (16384K)
 Metaspace       used 100917K, capacity 113442K, committed 113680K, reserved 1146880K
  class space    used 13356K, capacity 16022K, committed 16144K, reserved 1048576K
Event: 1047.393 GC heap after
Heap after GC invocations=902 (full 0):
 garbage-first heap   total 8175616K, used 1786862K [0x00000005cd000000, 0x00000005ce000f98, 0x00000007c0000000)
  region size 16384K, 1 young (16384K), 1 survivors (16384K)
 Metaspace       used 100917K, capacity 113442K, committed 113680K, reserved 1146880K
  class space    used 13356K, capacity 16022K, committed 16144K, reserved 1048576K
}

