# JRE version: Java(TM) SE Runtime Environment (8.0_261-b12) (build 1.8.0_261-b12)
# Java VM: Java HotSpot(TM) 64-Bit Server VM (25.261-b12 mixed mode windows-amd64 compressed oops)
Heap:
 garbage-first heap   total 6160384K, used 290940K [0x00000005cd000000, 0x00000005ce000bc0, 0x00000007c0000000)
  region size 16384K, 1 young (16384K), 1 survivors (16384K)
 Metaspace       used 48354K, capacity 51919K, committed 52224K, reserved 1093632K
  class space    used 6903K, capacity 7912K, committed 7936K, reserved 1048576K
GC Heap History (10 events):
Event: 18.500 GC heap after
Heap after GC invocations=29 (full 0):
 garbage-first heap   total 1966080K, used 290131K [0x00000005cd000000, 0x00000005ce0003c0, 0x00000007c0000000)
  region size 16384K, 1 young (16384K), 1 survivors (16384K)
 Metaspace       used 47745K, capacity 51241K, committed 51584K, reserved 1093632K
  class space    used 6779K, capacity 7735K, committed 7808K, reserved 1048576K
}
Event: 18.650 GC heap before
{Heap before GC invocations=29 (full 0):
 garbage-first heap   total 1966080K, used 404819K [0x00000005cd000000, 0x00000005ce0003c0, 0x00000007c0000000)
  region size 16384K, 8 young (131072K), 1 survivors (16384K)
 Metaspace       used 47866K, capacity 51399K, committed 51840K, reserved 1093632K
  class space    used 6805K, capacity 7750K, committed 7808K, reserved 1048576K
Event: 18.678 GC heap after
Heap after GC invocations=30 (full 0):
 garbage-first heap   total 3211264K, used 293128K [0x00000005cd000000, 0x00000005ce000620, 0x00000007c0000000)
  region size 16384K, 1 young (16384K), 1 survivors (16384K)
 Metaspace       used 47866K, capacity 51399K, committed 51840K, reserved 1093632K
  class space    used 6805K, capacity 7750K, committed 7808K, reserved 1048576K
}
Event: 18.800 GC heap before
{Heap before GC invocations=30 (full 0):
 garbage-first heap   total 3211264K, used 407816K [0x00000005cd000000, 0x00000005ce000620, 0x00000007c0000000)
  region size 16384K, 8 young (131072K), 1 survivors (16384K)
 Metaspace       used 47985K, capacity 51525K, committed 51840K, reserved 1093632K
  class space    used 6829K, capacity 7797K, committed 7808K, reserved 1048576K
Event: 18.823 GC heap after
Heap after GC invocations=31 (full 0):
 garbage-first heap   total 4210688K, used 289081K [0x00000005cd000000, 0x00000005ce000808, 0x00000007c0000000)
  region size 16384K, 1 young (16384K), 1 survivors (16384K)
 Metaspace       used 47985K, capacity 51525K, committed 51840K, reserved 1093632K
  class space    used 6829K, capacity 7797K, committed 7808K, reserved 1048576K
}
Event: 18.950 GC heap before
{Heap before GC invocations=31 (full 0):
 garbage-first heap   total 4210688K, used 403769K [0x00000005cd000000, 0x00000005ce000808, 0x00000007c0000000)
  region size 16384K, 8 young (131072K), 1 survivors (16384K)
 Metaspace       used 48167K, capacity 51679K, committed 51968K, reserved 1093632K
  class space    used 6865K, capacity 7834K, committed 7936K, reserved 1048576K
Event: 18.973 GC heap after
Heap after GC invocations=32 (full 0):
 garbage-first heap   total 5013504K, used 292168K [0x00000005cd000000, 0x00000005ce000990, 0x00000007c0000000)
  region size 16384K, 1 young (16384K), 1 survivors (16384K)
 Metaspace       used 48167K, capacity 51679K, committed 51968K, reserved 1093632K
  class space    used 6865K, capacity 7834K, committed 7936K, reserved 1048576K
}
Event: 19.089 GC heap before
{Heap before GC invocations=32 (full 0):
 garbage-first heap   total 5013504K, used 406856K [0x00000005cd000000, 0x00000005ce000990, 0x00000007c0000000)
  region size 16384K, 8 young (131072K), 1 survivors (16384K)
 Metaspace       used 48209K, capacity 51811K, committed 52224K, reserved 1093632K
  class space    used 6874K, capacity 7874K, committed 7936K, reserved 1048576K
Event: 19.113 GC heap after
Heap after GC invocations=33 (full 0):
 garbage-first heap   total 5652480K, used 293946K [0x00000005cd000000, 0x00000005ce000ac8, 0x00000007c0000000)
  region size 16384K, 1 young (16384K), 1 survivors (16384K)
 Metaspace       used 48209K, capacity 51811K, committed 52224K, reserved 1093632K
  class space    used 6874K, capacity 7874K, committed 7936K, reserved 1048576K
}
Event: 19.225 GC heap before
{Heap before GC invocations=33 (full 0):
 garbage-first heap   total 5652480K, used 408634K [0x00000005cd000000, 0x00000005ce000ac8, 0x00000007c0000000)
  region size 16384K, 8 young (131072K), 1 survivors (16384K)
 Metaspace       used 48354K, capacity 51919K, committed 52224K, reserved 1093632K
  class space    used 6903K, capacity 7912K, committed 7936K, reserved 1048576K

